<?xml version="1.0" encoding="UTF-8"?>
<!-- Generated by org.testng.reporters.JUnitXMLReporter -->
<testsuite ignored="0" hostname="DESKTOP-AHTNAD1" failures="0" tests="5" name="Test" time="4.443" errors="0" timestamp="2022-01-08T02:14:48 IST">
  <testcase classname="APITest.LoginTestWithPojoImplementation" name="loginresponse" time="2.832"/>
  <testcase classname="APITest.SearchKeywordTest" name="searchWithInValidKeyword" time="0.661"/>
  <testcase classname="APITest.SearchKeywordTest" name="searchWithValidKeyword" time="0.137"/>
  <testcase classname="APITest.ManifestTest" name="testManifestJson" time="0.241"/>
  <testcase classname="APITest.LoginTest" name="LoginTestResponse" time="0.516"/>
</testsuite> <!-- Test -->
