<?xml version="1.0" encoding="UTF-8"?>
<testng-results ignored="0" total="2" passed="2" failed="0" skipped="0">
  <reporter-output>
  </reporter-output>
  <suite started-at="2022-01-09T15:39:14 IST" name="Default suite" finished-at="2022-01-09T15:39:17 IST" duration-ms="2957">
    <groups>
    </groups>
    <test started-at="2022-01-09T15:39:14 IST" name="Default test" finished-at="2022-01-09T15:39:17 IST" duration-ms="2957">
      <class name="APITest.SearchKeywordTest">
        <test-method signature="searchWithInValidKeyword(java.lang.String)[pri:0, instance:APITest.SearchKeywordTest@b62d79]" started-at="2022-01-09T15:39:14 IST" name="searchWithInValidKeyword" data-provider="InValid_Keyword" finished-at="2022-01-09T15:39:17 IST" duration-ms="2837" status="PASS">
          <params>
            <param index="0">
              <value>
                <![CDATA[...]]>
              </value>
            </param>
          </params>
          <reporter-output>
          </reporter-output>
        </test-method> <!-- searchWithInValidKeyword -->
        <test-method signature="searchWithValidKeyword(java.lang.String)[pri:0, instance:APITest.SearchKeywordTest@b62d79]" started-at="2022-01-09T15:39:17 IST" name="searchWithValidKeyword" data-provider="Valid_Keyword" finished-at="2022-01-09T15:39:17 IST" duration-ms="71" status="PASS">
          <params>
            <param index="0">
              <value>
                <![CDATA[Alpha]]>
              </value>
            </param>
          </params>
          <reporter-output>
          </reporter-output>
        </test-method> <!-- searchWithValidKeyword -->
      </class> <!-- APITest.SearchKeywordTest -->
    </test> <!-- Default test -->
  </suite> <!-- Default suite -->
</testng-results>
